<?xml version="1.0" encoding="UTF-8"?>
<testsuite name="life.GameOfLifeTest" tests="3" skipped="0" failures="0" errors="0" timestamp="2021-06-03T19:08:34" hostname="andromeda" time="0.105">
  <properties/>
  <testcase name="initialize10AliveCellsWithSeedOf4()" classname="life.GameOfLifeTest" time="0.087"/>
  <testcase name="throwExceptionIfNIsLessThanZero()" classname="life.GameOfLifeTest" time="0.007"/>
  <testcase name="throwExceptionIfNIsZero()" classname="life.GameOfLifeTest" time="0.005"/>
  <system-out><![CDATA[]]></system-out>
  <system-err><![CDATA[]]></system-err>
</testsuite>
