<?xml version="1.0" encoding="UTF-8"?>
<testsuite name="TrafficLightTest" tests="2" skipped="0" failures="0" errors="0" timestamp="2021-03-26T02:19:42" hostname="andromeda" time="0.089">
  <properties/>
  <testcase name="Orientation should be horizontal" classname="TrafficLightTest" time="0.081"/>
  <testcase name="Size of cars should be 1" classname="TrafficLightTest" time="0.004"/>
  <system-out><![CDATA[]]></system-out>
  <system-err><![CDATA[]]></system-err>
</testsuite>
